14:29:48.692 [nioEventLoopGroup-2-1] INFO  com.mega.tank.net.NettyServer - server start success
14:29:58.783 [nioEventLoopGroup-3-1] INFO  c.m.t.net.handler.ServerMsgHandler - TankJoinMsg{x=100, y=200}
14:31:31.192 [nioEventLoopGroup-2-1] INFO  com.mega.tank.net.NettyServer - server start success
14:31:37.235 [nioEventLoopGroup-3-1] INFO  c.m.t.net.handler.ServerMsgHandler - message = TankJoinMsg{x=100, y=200}
14:31:48.730 [nioEventLoopGroup-3-1] WARN  c.m.t.net.handler.ServerMsgHandler - 远程主机强迫关闭了一个现有的连接。
14:31:59.335 [nioEventLoopGroup-3-2] INFO  c.m.t.net.handler.ServerMsgHandler - message = TankJoinMsg{x=100, y=200}
14:32:10.612 [nioEventLoopGroup-3-2] WARN  c.m.t.net.handler.ServerMsgHandler - 远程主机强迫关闭了一个现有的连接。
14:51:57.279 [nioEventLoopGroup-2-1] INFO  com.mega.tank.net.NettyServer - server start success
14:52:04.172 [nioEventLoopGroup-3-1] INFO  c.m.t.net.handler.ServerMsgHandler - message = TankJoinMsg{x=100, y=200}
14:52:13.018 [nioEventLoopGroup-3-1] WARN  c.m.t.net.handler.ServerMsgHandler - 远程主机强迫关闭了一个现有的连接。
14:52:13.018 [nioEventLoopGroup-3-1] INFO  c.m.t.net.handler.ServerMsgHandler - client num: 0
14:53:04.794 [nioEventLoopGroup-2-1] INFO  com.mega.tank.net.NettyServer - server start success
14:53:17.081 [nioEventLoopGroup-3-1] INFO  c.m.t.net.handler.ServerMsgHandler - client num: 0
14:53:17.112 [nioEventLoopGroup-3-1] INFO  c.m.t.net.handler.ServerMsgHandler - message = TankJoinMsg{x=100, y=200}
14:53:28.898 [nioEventLoopGroup-2-1] WARN  i.n.channel.DefaultChannelPipeline - An exceptionCaught() event was fired, and it reached at the tail of the pipeline. It usually means the last handler in the pipeline did not handle the exception.
java.io.IOException: 远程主机强迫关闭了一个现有的连接。
	at sun.nio.ch.SocketDispatcher.read0(Native Method)
	at sun.nio.ch.SocketDispatcher.read(SocketDispatcher.java:43)
	at sun.nio.ch.IOUtil.readIntoNativeBuffer(IOUtil.java:223)
	at sun.nio.ch.IOUtil.read(IOUtil.java:192)
	at sun.nio.ch.SocketChannelImpl.read(SocketChannelImpl.java:378)
	at io.netty.buffer.PooledByteBuf.setBytes(PooledByteBuf.java:253)
	at io.netty.buffer.AbstractByteBuf.writeBytes(AbstractByteBuf.java:1133)
	at io.netty.channel.socket.nio.NioSocketChannel.doReadBytes(NioSocketChannel.java:350)
	at io.netty.channel.nio.AbstractNioByteChannel$NioByteUnsafe.read(AbstractNioByteChannel.java:148)
	at io.netty.channel.nio.NioEventLoop.processSelectedKey(NioEventLoop.java:714)
	at io.netty.channel.nio.NioEventLoop.processSelectedKeysOptimized(NioEventLoop.java:650)
	at io.netty.channel.nio.NioEventLoop.processSelectedKeys(NioEventLoop.java:576)
	at io.netty.channel.nio.NioEventLoop.run(NioEventLoop.java:493)
	at io.netty.util.concurrent.SingleThreadEventExecutor$4.run(SingleThreadEventExecutor.java:989)
	at io.netty.util.internal.ThreadExecutorMap$2.run(ThreadExecutorMap.java:74)
	at io.netty.util.concurrent.FastThreadLocalRunnable.run(FastThreadLocalRunnable.java:30)
	at java.lang.Thread.run(Thread.java:748)
14:53:42.987 [nioEventLoopGroup-2-1] INFO  com.mega.tank.net.NettyServer - server start success
14:53:50.782 [nioEventLoopGroup-3-1] INFO  c.m.t.net.handler.ServerMsgHandler - client num: 1
14:53:50.828 [nioEventLoopGroup-3-1] INFO  c.m.t.net.handler.ServerMsgHandler - message = TankJoinMsg{x=100, y=200}
14:53:58.850 [nioEventLoopGroup-3-1] WARN  c.m.t.net.handler.ServerMsgHandler - 远程主机强迫关闭了一个现有的连接。
14:53:58.850 [nioEventLoopGroup-3-1] INFO  c.m.t.net.handler.ServerMsgHandler - client num: 0
